<?xml version="1.0" encoding="UTF-8"?>
<testsuite name="TestSuite" time="6.476" tests="4" errors="0" skipped="1" failures="0">
  <properties>
[...]
</properties>
  <testcase name="bankManagerLoginTest" classname="testcases.BankManagerLoginTest" time="0.329"/>
  <testcase name="addCustomerTest" classname="testcases.AddCustomerTest" time="3.618"/>
  <testcase name="addCustomerTest" classname="testcases.AddCustomerTest" time="0">
    <skipped/>
    <system-out><![CDATA[true
]]></system-out>
  </testcase>
  <testcase name="openAccountTest" classname="testcases.OpenAccountTest" time="2.529"/>
</testsuite>