<?xml version="1.0" encoding="UTF-8"?>
<testng-results skipped="1" failed="0" ignored="0" total="4" passed="3">
  <reporter-output>
    <line>
      <![CDATA[<br>Verification Failure: expected [abc] but found [xyz]<br>]]>
    </line>
    <line>
      <![CDATA[<a href=Sat_Jan_05_11_42_29_ICT_2019.jpg><img src= Sat_Jan_05_11_42_29_ICT_2019.jpg height = 400 width = 600></img></a>]]>
    </line>
    <line>
      <![CDATA[<br>]]>
    </line>
  </reporter-output>
  <suite name="Data Driven Basics" duration-ms="6889" started-at="2019-01-05T04:42:28Z" finished-at="2019-01-05T04:42:35Z">
    <groups>
    </groups>
    <test name="Bank Manager Login Test" duration-ms="552" started-at="2019-01-05T04:42:28Z" finished-at="2019-01-05T04:42:29Z">
      <class name="testcases.BankManagerLoginTest">
        <test-method status="PASS" signature="bankManagerLoginTest()[pri:0, instance:testcases.BankManagerLoginTest@4d1c00d0]" name="bankManagerLoginTest" duration-ms="329" started-at="2019-01-05T04:42:28Z" finished-at="2019-01-05T04:42:29Z">
          <reporter-output>
            <line>
              <![CDATA[<br>Verification Failure: expected [abc] but found [xyz]<br>]]>
            </line>
            <line>
              <![CDATA[<a href=Sat_Jan_05_11_42_29_ICT_2019.jpg><img src= Sat_Jan_05_11_42_29_ICT_2019.jpg height = 400 width = 600></img></a>]]>
            </line>
            <line>
              <![CDATA[<br>]]>
            </line>
          </reporter-output>
        </test-method> <!-- bankManagerLoginTest -->
      </class> <!-- testcases.BankManagerLoginTest -->
    </test> <!-- Bank Manager Login Test -->
    <test name="Add Customer Test" duration-ms="3727" started-at="2019-01-05T04:42:29Z" finished-at="2019-01-05T04:42:33Z">
      <class name="testcases.AddCustomerTest">
        <test-method status="PASS" signature="addCustomerTest(java.util.Hashtable)[pri:0, instance:testcases.AddCustomerTest@544fa968]" name="addCustomerTest" duration-ms="3618" started-at="2019-01-05T04:42:29Z" data-provider="dp" finished-at="2019-01-05T04:42:33Z">
          <params>
            <param index="0">
              <value>
                <![CDATA[{postCode=1234.0, lastName=Rooney, runMode=Y, firstName=Wayne, alertText=Customer added successfully}]]>
              </value>
            </param>
          </params>
          <reporter-output>
          </reporter-output>
        </test-method> <!-- addCustomerTest -->
        <test-method status="SKIP" signature="addCustomerTest(java.util.Hashtable)[pri:0, instance:testcases.AddCustomerTest@544fa968]" name="addCustomerTest" duration-ms="1" started-at="2019-01-05T04:42:33Z" data-provider="dp" finished-at="2019-01-05T04:42:33Z">
          <params>
            <param index="0">
              <value>
                <![CDATA[{postCode=4321.0, lastName=Terry, runMode=N, firstName=John, alertText=Customer added successfully}]]>
              </value>
            </param>
          </params>
          <exception class="org.testng.SkipException">
            <message>
              <![CDATA[Skipping the test case as the run mode is NO]]>
            </message>
            <full-stacktrace>
              <![CDATA[org.testng.SkipException: Skipping the test case as the run mode is NO
at testcases.AddCustomerTest.addCustomerTest(AddCustomerTest.java:21)
at sun.reflect.NativeMethodAccessorImpl.invoke0(Native Method)
at sun.reflect.NativeMethodAccessorImpl.invoke(NativeMethodAccessorImpl.java:62)
at sun.reflect.DelegatingMethodAccessorImpl.invoke(DelegatingMethodAccessorImpl.java:43)
at java.lang.reflect.Method.invoke(Method.java:497)
at org.testng.internal.MethodInvocationHelper.invokeMethod(MethodInvocationHelper.java:124)
at org.testng.internal.Invoker.invokeMethod(Invoker.java:583)
at org.testng.internal.Invoker.invokeTestMethod(Invoker.java:719)
at org.testng.internal.Invoker.invokeTestMethods(Invoker.java:989)
at org.testng.internal.TestMethodWorker.invokeTestMethods(TestMethodWorker.java:125)
at org.testng.internal.TestMethodWorker.run(TestMethodWorker.java:109)
at org.testng.TestRunner.privateRun(TestRunner.java:648)
at org.testng.TestRunner.run(TestRunner.java:505)
at org.testng.SuiteRunner.runTest(SuiteRunner.java:455)
at org.testng.SuiteRunner.runSequentially(SuiteRunner.java:450)
at org.testng.SuiteRunner.privateRun(SuiteRunner.java:415)
at org.testng.SuiteRunner.run(SuiteRunner.java:364)
at org.testng.SuiteRunnerWorker.runSuite(SuiteRunnerWorker.java:52)
at org.testng.SuiteRunnerWorker.run(SuiteRunnerWorker.java:84)
at org.testng.TestNG.runSuitesSequentially(TestNG.java:1208)
at org.testng.TestNG.runSuitesLocally(TestNG.java:1137)
at org.testng.TestNG.runSuites(TestNG.java:1049)
at org.testng.TestNG.run(TestNG.java:1017)
at org.apache.maven.surefire.testng.TestNGExecutor.run(TestNGExecutor.java:295)
at org.apache.maven.surefire.testng.TestNGXmlTestSuite.execute(TestNGXmlTestSuite.java:84)
at org.apache.maven.surefire.testng.TestNGProvider.invoke(TestNGProvider.java:90)
at org.apache.maven.surefire.booter.ForkedBooter.invokeProviderInSameClassLoader(ForkedBooter.java:203)
at org.apache.maven.surefire.booter.ForkedBooter.runSuitesInProcess(ForkedBooter.java:155)
at org.apache.maven.surefire.booter.ForkedBooter.main(ForkedBooter.java:103)
]]>
            </full-stacktrace>
          </exception> <!-- org.testng.SkipException -->
          <reporter-output>
          </reporter-output>
        </test-method> <!-- addCustomerTest -->
      </class> <!-- testcases.AddCustomerTest -->
    </test> <!-- Add Customer Test -->
    <test name="Open Account Test" duration-ms="2571" started-at="2019-01-05T04:42:33Z" finished-at="2019-01-05T04:42:35Z">
      <class name="testcases.OpenAccountTest">
        <test-method status="PASS" signature="setUp()[pri:0, instance:testcases.OpenAccountTest@77f1baf5]" name="setUp" is-config="true" duration-ms="9339" started-at="2019-01-05T04:42:19Z" finished-at="2019-01-05T04:42:28Z">
          <reporter-output>
          </reporter-output>
        </test-method> <!-- setUp -->
        <test-method status="PASS" signature="openAccountTest(java.util.Hashtable)[pri:0, instance:testcases.OpenAccountTest@77f1baf5]" name="openAccountTest" duration-ms="2526" started-at="2019-01-05T04:42:33Z" data-provider="dp" finished-at="2019-01-05T04:42:35Z">
          <params>
            <param index="0">
              <value>
                <![CDATA[{currency=Dollar, customer=Wayne Rooney}]]>
              </value>
            </param>
          </params>
          <reporter-output>
          </reporter-output>
        </test-method> <!-- openAccountTest -->
        <test-method status="PASS" signature="tearDown()[pri:0, instance:testcases.OpenAccountTest@77f1baf5]" name="tearDown" is-config="true" duration-ms="1260" started-at="2019-01-05T04:42:35Z" finished-at="2019-01-05T04:42:37Z">
          <reporter-output>
          </reporter-output>
        </test-method> <!-- tearDown -->
      </class> <!-- testcases.OpenAccountTest -->
    </test> <!-- Open Account Test -->
  </suite> <!-- Data Driven Basics -->
</testng-results>
